[2018-07-26 12:19:07.812] [jointLog] [info] Fragment incompatibility prior below threshold.  Incompatible fragments will be ignored.
[2018-07-26 12:19:07.812] [jointLog] [info] parsing read library format
[2018-07-26 12:19:07.812] [jointLog] [info] There is 1 library.
[2018-07-26 12:19:07.865] [jointLog] [info] Loading Quasi index
[2018-07-26 12:19:07.865] [jointLog] [info] Loading 32-bit quasi index
[2018-07-26 12:19:49.220] [jointLog] [info] done
[2018-07-26 12:19:49.220] [jointLog] [info] Index contained 109898 targets
[2018-07-26 12:19:50.010] [jointLog] [warning] Fragment GC bias correction is currently *experimental* in single-end libraries.  Please use this option with caution.
[2018-07-26 12:19:50.273] [jointLog] [info] Automatically detected most likely library type as U
[2018-07-26 12:24:04.478] [jointLog] [info] Computed 177722 rich equivalence classes for further processing
[2018-07-26 12:24:04.478] [jointLog] [info] Counted 27083887 total reads in the equivalence classes 
[2018-07-26 12:24:04.480] [jointLog] [info] Mapping rate = 89.9519%

[2018-07-26 12:24:04.480] [jointLog] [info] finished quantifyLibrary()
[2018-07-26 12:24:04.496] [jointLog] [info] Starting optimizer
[2018-07-26 12:24:04.478] [fileLog] [info] 
At end of round 0
==================
Observed 30109290 total fragments (30109290 in most recent round)

[2018-07-26 12:24:04.730] [jointLog] [info] Marked 0 weighted equivalence classes as degenerate
[2018-07-26 12:24:04.740] [jointLog] [info] iteration = 0 | max rel diff. = 9836.2
[2018-07-26 12:24:04.820] [jointLog] [info] iteration 11, adjusting effective lengths to account for biases
[2018-07-26 12:24:19.126] [jointLog] [info] Computed expected counts (for bias correction)
[2018-07-26 12:24:19.126] [jointLog] [info] processed bias for 0.0% of the transcripts
[2018-07-26 12:24:21.092] [jointLog] [info] processed bias for 10.0% of the transcripts
[2018-07-26 12:24:22.996] [jointLog] [info] processed bias for 20.0% of the transcripts
[2018-07-26 12:24:24.959] [jointLog] [info] processed bias for 30.0% of the transcripts
[2018-07-26 12:24:26.996] [jointLog] [info] processed bias for 40.0% of the transcripts
[2018-07-26 12:24:28.636] [jointLog] [info] processed bias for 50.0% of the transcripts
[2018-07-26 12:24:30.559] [jointLog] [info] processed bias for 60.0% of the transcripts
[2018-07-26 12:24:32.248] [jointLog] [info] processed bias for 100.0% of the transcripts
[2018-07-26 12:24:32.974] [jointLog] [info] iteration = 100 | max rel diff. = 20.0363
[2018-07-26 12:24:33.781] [jointLog] [info] iteration = 200 | max rel diff. = 16.9846
[2018-07-26 12:24:34.587] [jointLog] [info] iteration = 300 | max rel diff. = 7.33014
[2018-07-26 12:24:35.393] [jointLog] [info] iteration = 400 | max rel diff. = 2.09449
[2018-07-26 12:24:36.199] [jointLog] [info] iteration = 500 | max rel diff. = 18.0436
[2018-07-26 12:24:37.000] [jointLog] [info] iteration = 600 | max rel diff. = 4.20022
[2018-07-26 12:24:37.822] [jointLog] [info] iteration = 700 | max rel diff. = 1.27582
[2018-07-26 12:24:38.672] [jointLog] [info] iteration = 800 | max rel diff. = 0.110195
[2018-07-26 12:24:39.536] [jointLog] [info] iteration = 900 | max rel diff. = 0.0845576
[2018-07-26 12:24:40.346] [jointLog] [info] iteration = 1000 | max rel diff. = 2.29194
[2018-07-26 12:24:41.204] [jointLog] [info] iteration = 1100 | max rel diff. = 0.141706
[2018-07-26 12:24:42.064] [jointLog] [info] iteration = 1200 | max rel diff. = 2.91653
[2018-07-26 12:24:42.925] [jointLog] [info] iteration = 1300 | max rel diff. = 0.0632593
[2018-07-26 12:24:43.303] [jointLog] [info] iteration = 1346 | max rel diff. = 0.0095705
[2018-07-26 12:24:43.307] [jointLog] [info] Finished optimizer
[2018-07-26 12:24:43.307] [jointLog] [info] writing output 

