[2018-07-26 12:43:35.310] [jointLog] [info] Fragment incompatibility prior below threshold.  Incompatible fragments will be ignored.
[2018-07-26 12:43:35.310] [jointLog] [info] parsing read library format
[2018-07-26 12:43:35.310] [jointLog] [info] There is 1 library.
[2018-07-26 12:43:35.358] [jointLog] [info] Loading Quasi index
[2018-07-26 12:43:35.358] [jointLog] [info] Loading 32-bit quasi index
[2018-07-26 12:44:11.031] [jointLog] [info] done
[2018-07-26 12:44:11.031] [jointLog] [info] Index contained 109898 targets
[2018-07-26 12:44:11.808] [jointLog] [warning] Fragment GC bias correction is currently *experimental* in single-end libraries.  Please use this option with caution.
[2018-07-26 12:44:12.052] [jointLog] [info] Automatically detected most likely library type as U
[2018-07-26 12:48:11.863] [jointLog] [info] Computed 165614 rich equivalence classes for further processing
[2018-07-26 12:48:11.863] [jointLog] [info] Counted 24407243 total reads in the equivalence classes 
[2018-07-26 12:48:11.866] [jointLog] [info] Mapping rate = 89.6501%

[2018-07-26 12:48:11.866] [jointLog] [info] finished quantifyLibrary()
[2018-07-26 12:48:11.866] [jointLog] [info] Starting optimizer
[2018-07-26 12:48:11.864] [fileLog] [info] 
At end of round 0
==================
Observed 27225012 total fragments (27225012 in most recent round)

[2018-07-26 12:48:12.099] [jointLog] [info] Marked 0 weighted equivalence classes as degenerate
[2018-07-26 12:48:12.114] [jointLog] [info] iteration = 0 | max rel diff. = 10275.2
[2018-07-26 12:48:12.193] [jointLog] [info] iteration 11, adjusting effective lengths to account for biases
[2018-07-26 12:48:25.124] [jointLog] [info] Computed expected counts (for bias correction)
[2018-07-26 12:48:25.124] [jointLog] [info] processed bias for 0.0% of the transcripts
[2018-07-26 12:48:27.093] [jointLog] [info] processed bias for 10.0% of the transcripts
[2018-07-26 12:48:28.991] [jointLog] [info] processed bias for 20.0% of the transcripts
[2018-07-26 12:48:30.987] [jointLog] [info] processed bias for 30.0% of the transcripts
[2018-07-26 12:48:32.923] [jointLog] [info] processed bias for 40.0% of the transcripts
[2018-07-26 12:48:34.870] [jointLog] [info] processed bias for 50.0% of the transcripts
[2018-07-26 12:48:36.550] [jointLog] [info] processed bias for 60.0% of the transcripts
[2018-07-26 12:48:37.693] [jointLog] [info] processed bias for 100.0% of the transcripts
[2018-07-26 12:48:38.370] [jointLog] [info] iteration = 100 | max rel diff. = 14.8249
[2018-07-26 12:48:39.116] [jointLog] [info] iteration = 200 | max rel diff. = 17.699
[2018-07-26 12:48:39.870] [jointLog] [info] iteration = 300 | max rel diff. = 7.88997
[2018-07-26 12:48:40.630] [jointLog] [info] iteration = 400 | max rel diff. = 3.93176
[2018-07-26 12:48:41.376] [jointLog] [info] iteration = 500 | max rel diff. = 1.63162
[2018-07-26 12:48:42.115] [jointLog] [info] iteration = 600 | max rel diff. = 2.79935
[2018-07-26 12:48:42.862] [jointLog] [info] iteration = 700 | max rel diff. = 0.522946
[2018-07-26 12:48:43.609] [jointLog] [info] iteration = 800 | max rel diff. = 2.25262
[2018-07-26 12:48:44.355] [jointLog] [info] iteration = 900 | max rel diff. = 0.0475323
[2018-07-26 12:48:45.096] [jointLog] [info] iteration = 1000 | max rel diff. = 0.224363
[2018-07-26 12:48:45.843] [jointLog] [info] iteration = 1100 | max rel diff. = 0.103952
[2018-07-26 12:48:46.587] [jointLog] [info] iteration = 1200 | max rel diff. = 1.57004
[2018-07-26 12:48:47.327] [jointLog] [info] iteration = 1300 | max rel diff. = 0.0319514
[2018-07-26 12:48:47.565] [jointLog] [info] iteration = 1332 | max rel diff. = 0.00919678
[2018-07-26 12:48:47.569] [jointLog] [info] Finished optimizer
[2018-07-26 12:48:47.569] [jointLog] [info] writing output 

